0 info it worked if it ends with ok
1 verbose cli [ 'node', '/usr/bin/npm', 'install', 'bl' ]
2 info using npm@1.3.6
3 info using node@v0.10.48
4 error Error: Invalid name: "@clickingmouse/environment"
4 error     at ensureValidName (/usr/lib/node_modules/normalize-package-data/lib/fixer.js:281:15)
4 error     at Object.module.exports.fixNameField (/usr/lib/node_modules/normalize-package-data/lib/fixer.js:196:5)
4 error     at /usr/lib/node_modules/normalize-package-data/lib/normalize.js:29:38
4 error     at Array.forEach (native)
4 error     at normalize (/usr/lib/node_modules/normalize-package-data/lib/normalize.js:28:15)
4 error     at final (/usr/lib/node_modules/read-package-json/read-json.js:310:33)
4 error     at then (/usr/lib/node_modules/read-package-json/read-json.js:124:33)
4 error     at /usr/lib/node_modules/read-package-json/read-json.js:299:40
4 error     at fs.js:272:14
4 error     at /usr/lib/node_modules/graceful-fs/graceful-fs.js:103:5
5 error If you need help, you may report this log at:
5 error     <http://github.com/isaacs/npm/issues>
5 error or email it to:
5 error     <npm-@googlegroups.com>
6 error System Linux 4.9.76-3.78.amzn1.x86_64
7 error command "node" "/usr/bin/npm" "install" "bl"
8 error cwd /home/ec2-user/environment
9 error node -v v0.10.48
10 error npm -v 1.3.6
11 verbose exit [ 1, true ]
